2025-08-02T15:49:30.555Z [INFO]: User 6872b3e298b5a641b45e8e75 performed LOGIN {"userId":"6872b3e298b5a641b45e8e75","action":"LOGIN"}
2025-08-02T15:50:22.469Z [INFO]: User 6872b3e298b5a641b45e8e75 performed LOGOUT {"userId":"6872b3e298b5a641b45e8e75","action":"LOGOUT"}
2025-08-02T16:01:36.508Z [INFO]: User anonymous performed LIST_FILES_PUBLIC {"userId":"guest","action":"LIST_FILES_PUBLIC","parentId":null,"fileCount":1}
2025-08-02T16:02:06.774Z [INFO]: User 6872b3e298b5a641b45e8e75 performed LOGIN {"userId":"6872b3e298b5a641b45e8e75","action":"LOGIN"}
2025-08-02T16:02:25.926Z [INFO]: User 6872b3e298b5a641b45e8e75 performed LIST_FILES_AUTHENTICATED {"userId":"6872b3e298b5a641b45e8e75","action":"LIST_FILES_AUTHENTICATED","parentId":null,"fileCount":4}
2025-08-02T16:03:28.849Z [ERROR]: Error during GET_FILE_ERROR by user guest {"userId":"guest","action":"GET_FILE_ERROR","error":"Cast to ObjectId failed for value \"guest\" (type string) at path \"user_id\" for model \"FileMetaData\"","stack":"CastError: Cast to ObjectId failed for value \"guest\" (type string) at path \"user_id\" for model \"FileMetaData\"\n    at SchemaObjectId.cast (C:\\Users\\USER PC\\Documents\\Vault\\fileVault\\node_modules\\mongoose\\lib\\schema\\objectId.js:251:11)\n    at SchemaType.applySetters (C:\\Users\\USER PC\\Documents\\Vault\\fileVault\\node_modules\\mongoose\\lib\\schemaType.js:1258:12)\n    at SchemaType.castForQuery (C:\\Users\\USER PC\\Documents\\Vault\\fileVault\\node_modules\\mongoose\\lib\\schemaType.js:1676:17)\n    at cast (C:\\Users\\USER PC\\Documents\\Vault\\fileVault\\node_modules\\mongoose\\lib\\cast.js:390:32)\n    at Query.cast (C:\\Users\\USER PC\\Documents\\Vault\\fileVault\\node_modules\\mongoose\\lib\\query.js:5055:12)\n    at Query._castConditions (C:\\Users\\USER PC\\Documents\\Vault\\fileVault\\node_modules\\mongoose\\lib\\query.js:2351:10)\n    at model.Query._findOne (C:\\Users\\USER PC\\Documents\\Vault\\fileVault\\node_modules\\mongoose\\lib\\query.js:2674:8)\n    at model.Query.exec (C:\\Users\\USER PC\\Documents\\Vault\\fileVault\\node_modules\\mongoose\\lib\\query.js:4604:80)\n    at process.processTicksAndRejections (node:internal/process/task_queues:105:5)\n    at async Object.getFileById (C:\\Users\\USER PC\\Documents\\Vault\\fileVault\\repositories\\file_repository.js:13:13)"}
2025-08-02T16:04:16.408Z [INFO]: User 6872b3e298b5a641b45e8e75 performed LIST_FILES_AUTHENTICATED {"userId":"6872b3e298b5a641b45e8e75","action":"LIST_FILES_AUTHENTICATED","parentId":null,"fileCount":4}
2025-08-02T16:05:18.140Z [ERROR]: Error during GET_FILE_ERROR by user guest {"userId":"guest","action":"GET_FILE_ERROR","error":"Cast to ObjectId failed for value \"guest\" (type string) at path \"user_id\" for model \"FileMetaData\"","stack":"CastError: Cast to ObjectId failed for value \"guest\" (type string) at path \"user_id\" for model \"FileMetaData\"\n    at SchemaObjectId.cast (C:\\Users\\USER PC\\Documents\\Vault\\fileVault\\node_modules\\mongoose\\lib\\schema\\objectId.js:251:11)\n    at SchemaType.applySetters (C:\\Users\\USER PC\\Documents\\Vault\\fileVault\\node_modules\\mongoose\\lib\\schemaType.js:1258:12)\n    at SchemaType.castForQuery (C:\\Users\\USER PC\\Documents\\Vault\\fileVault\\node_modules\\mongoose\\lib\\schemaType.js:1676:17)\n    at cast (C:\\Users\\USER PC\\Documents\\Vault\\fileVault\\node_modules\\mongoose\\lib\\cast.js:390:32)\n    at Query.cast (C:\\Users\\USER PC\\Documents\\Vault\\fileVault\\node_modules\\mongoose\\lib\\query.js:5055:12)\n    at Query._castConditions (C:\\Users\\USER PC\\Documents\\Vault\\fileVault\\node_modules\\mongoose\\lib\\query.js:2351:10)\n    at model.Query._findOne (C:\\Users\\USER PC\\Documents\\Vault\\fileVault\\node_modules\\mongoose\\lib\\query.js:2674:8)\n    at model.Query.exec (C:\\Users\\USER PC\\Documents\\Vault\\fileVault\\node_modules\\mongoose\\lib\\query.js:4604:80)\n    at process.processTicksAndRejections (node:internal/process/task_queues:105:5)\n    at async Object.getFileById (C:\\Users\\USER PC\\Documents\\Vault\\fileVault\\repositories\\file_repository.js:13:13)"}
2025-08-02T16:08:03.331Z [INFO]: User 6872b3e298b5a641b45e8e75 performed LIST_FILES_AUTHENTICATED {"userId":"6872b3e298b5a641b45e8e75","action":"LIST_FILES_AUTHENTICATED","parentId":null,"fileCount":4}
2025-08-02T16:09:04.761Z [INFO]: User 6872b3e298b5a641b45e8e75 performed LIST_FILES_AUTHENTICATED {"userId":"6872b3e298b5a641b45e8e75","action":"LIST_FILES_AUTHENTICATED","parentId":null,"fileCount":4}
2025-08-02T16:10:15.716Z [INFO]: User 6872b3e298b5a641b45e8e75 performed LIST_FILES_AUTHENTICATED {"userId":"6872b3e298b5a641b45e8e75","action":"LIST_FILES_AUTHENTICATED","parentId":null,"fileCount":4}
2025-08-02T16:15:24.286Z [INFO]: User anonymous performed GET_FILE_SUCCESS {"userId":"guest","action":"GET_FILE_SUCCESS","fileId":"687bcad733790855e882c454","fileName":"back.jpg","visibility":"public"}
2025-08-02T16:15:37.502Z [INFO]: User 6872b3e298b5a641b45e8e75 performed LIST_FILES_AUTHENTICATED {"userId":"6872b3e298b5a641b45e8e75","action":"LIST_FILES_AUTHENTICATED","parentId":null,"fileCount":4}
2025-08-02T16:17:07.483Z [INFO]: User anonymous performed GET_FILE_FAILED {"userId":"guest","action":"GET_FILE_FAILED","fileId":"687a3fdfe4f4f93aa963eaeb"}
2025-08-02T16:17:26.665Z [INFO]: User 6872b3e298b5a641b45e8e75 performed LIST_FILES_AUTHENTICATED {"userId":"6872b3e298b5a641b45e8e75","action":"LIST_FILES_AUTHENTICATED","parentId":null,"fileCount":4}
2025-08-02T16:18:05.940Z [INFO]: User anonymous performed GET_FILE_FAILED {"userId":"guest","action":"GET_FILE_FAILED","fileId":"687a4a03a3770c56c8118899"}
2025-08-02T16:18:11.778Z [INFO]: User anonymous performed GET_FILE_FAILED {"userId":"guest","action":"GET_FILE_FAILED","fileId":"687a4a03a3770c56c8118899"}
2025-08-02T16:18:18.542Z [INFO]: User 6872b3e298b5a641b45e8e75 performed LIST_FILES_AUTHENTICATED {"userId":"6872b3e298b5a641b45e8e75","action":"LIST_FILES_AUTHENTICATED","parentId":null,"fileCount":4}
2025-08-02T16:18:29.326Z [INFO]: User anonymous performed GET_FILE_SUCCESS {"userId":"guest","action":"GET_FILE_SUCCESS","fileId":"687bcad733790855e882c454","fileName":"back.jpg","visibility":"public"}
2025-08-02T16:28:40.311Z [INFO]: User 6872b3e298b5a641b45e8e75 performed LIST_FILES_AUTHENTICATED {"userId":"6872b3e298b5a641b45e8e75","action":"LIST_FILES_AUTHENTICATED","parentId":null,"fileCount":4}
2025-08-02T16:29:16.146Z [INFO]: User anonymous performed GET_FILE_SUCCESS {"userId":"guest","action":"GET_FILE_SUCCESS","fileId":"687bcad733790855e882c454","fileName":"back.jpg","visibility":"public"}
2025-08-02T16:32:39.837Z [INFO]: User 6872b3e298b5a641b45e8e75 performed PRIVATE_FILE {"userId":"6872b3e298b5a641b45e8e75","action":"PRIVATE_FILE","fileId":"687bcad733790855e882c454","filename":"back.jpg","visibility":"private"}
2025-08-02T16:32:50.873Z [INFO]: User 6872b3e298b5a641b45e8e75 performed PUBLIC_FILE {"userId":"6872b3e298b5a641b45e8e75","action":"PUBLIC_FILE","fileId":"687bcad733790855e882c454","filename":"back.jpg","visibility":"public"}
2025-08-02T16:33:09.413Z [INFO]: User 6872b3e298b5a641b45e8e75 performed LIST_FILES_AUTHENTICATED {"userId":"6872b3e298b5a641b45e8e75","action":"LIST_FILES_AUTHENTICATED","parentId":null,"fileCount":4}
2025-08-02T16:33:22.671Z [INFO]: User anonymous performed GET_FILE_FAILED {"userId":"guest","action":"GET_FILE_FAILED","fileId":"687a4a03a3770c56c8118899"}
2025-08-02T16:34:32.139Z [INFO]: User anonymous performed GET_FILE_FAILED {"userId":"guest","action":"GET_FILE_FAILED","fileId":"687a4a03a3770c56c8118899"}
2025-08-02T16:34:35.932Z [INFO]: User 6872b3e298b5a641b45e8e75 performed LIST_FILES_AUTHENTICATED {"userId":"6872b3e298b5a641b45e8e75","action":"LIST_FILES_AUTHENTICATED","parentId":null,"fileCount":4}
2025-08-02T16:35:02.040Z [INFO]: User anonymous performed GET_FILE_FAILED {"userId":"guest","action":"GET_FILE_FAILED","fileId":"687a41e5048aa71b3b48edd4"}
2025-08-02T16:35:13.245Z [INFO]: User 6872b3e298b5a641b45e8e75 performed LIST_FILES_AUTHENTICATED {"userId":"6872b3e298b5a641b45e8e75","action":"LIST_FILES_AUTHENTICATED","parentId":null,"fileCount":4}
2025-08-02T16:35:24.361Z [INFO]: User anonymous performed GET_FILE_SUCCESS {"userId":"guest","action":"GET_FILE_SUCCESS","fileId":"687bcad733790855e882c454","fileName":"back.jpg","visibility":"public"}
2025-08-02T16:35:59.599Z [INFO]: User 6872b3e298b5a641b45e8e75 performed LIST_FILES_AUTHENTICATED {"userId":"6872b3e298b5a641b45e8e75","action":"LIST_FILES_AUTHENTICATED","parentId":null,"fileCount":4}
2025-08-02T16:39:07.404Z [INFO]: User 6872b3e298b5a641b45e8e75 performed LIST_FILES_AUTHENTICATED {"userId":"6872b3e298b5a641b45e8e75","action":"LIST_FILES_AUTHENTICATED","parentId":null,"fileCount":4}
2025-08-02T16:39:18.648Z [ERROR]: Error during GET_FILE_ERROR by user undefined {"action":"GET_FILE_ERROR","error":"Cast to ObjectId failed for value \"754fb05f-baa4-4c50-b33d-cad1ae06e529\" (type string) at path \"_id\" for model \"FileMetaData\"","stack":"CastError: Cast to ObjectId failed for value \"754fb05f-baa4-4c50-b33d-cad1ae06e529\" (type string) at path \"_id\" for model \"FileMetaData\"\n    at SchemaObjectId.cast (C:\\Users\\USER PC\\Documents\\Vault\\fileVault\\node_modules\\mongoose\\lib\\schema\\objectId.js:251:11)\n    at SchemaType.applySetters (C:\\Users\\USER PC\\Documents\\Vault\\fileVault\\node_modules\\mongoose\\lib\\schemaType.js:1258:12)\n    at SchemaType.castForQuery (C:\\Users\\USER PC\\Documents\\Vault\\fileVault\\node_modules\\mongoose\\lib\\schemaType.js:1676:17)\n    at cast (C:\\Users\\USER PC\\Documents\\Vault\\fileVault\\node_modules\\mongoose\\lib\\cast.js:390:32)\n    at Query.cast (C:\\Users\\USER PC\\Documents\\Vault\\fileVault\\node_modules\\mongoose\\lib\\query.js:5055:12)\n    at Query._castConditions (C:\\Users\\USER PC\\Documents\\Vault\\fileVault\\node_modules\\mongoose\\lib\\query.js:2351:10)\n    at model.Query._findOne (C:\\Users\\USER PC\\Documents\\Vault\\fileVault\\node_modules\\mongoose\\lib\\query.js:2674:8)\n    at model.Query.exec (C:\\Users\\USER PC\\Documents\\Vault\\fileVault\\node_modules\\mongoose\\lib\\query.js:4604:80)\n    at process.processTicksAndRejections (node:internal/process/task_queues:105:5)\n    at async get (C:\\Users\\USER PC\\Documents\\Vault\\fileVault\\api\\controllers\\file_controller.js:153:14)"}
2025-08-02T16:39:33.668Z [INFO]: User 6872b3e298b5a641b45e8e75 performed LIST_FILES_AUTHENTICATED {"userId":"6872b3e298b5a641b45e8e75","action":"LIST_FILES_AUTHENTICATED","parentId":null,"fileCount":4}
2025-08-02T16:39:41.395Z [INFO]: User anonymous performed GET_FILE_SUCCESS {"userId":"guest","action":"GET_FILE_SUCCESS","fileId":"687bcad733790855e882c454","fileName":"back.jpg","visibility":"public"}
2025-08-02T16:39:49.689Z [INFO]: User 6872b3e298b5a641b45e8e75 performed LIST_FILES_AUTHENTICATED {"userId":"6872b3e298b5a641b45e8e75","action":"LIST_FILES_AUTHENTICATED","parentId":null,"fileCount":4}
2025-08-02T16:40:03.658Z [INFO]: User anonymous performed GET_FILE_FAILED {"userId":"guest","action":"GET_FILE_FAILED","fileId":"687a4a03a3770c56c8118899"}
2025-08-02T16:42:21.987Z [INFO]: User anonymous performed GET_FILE_FAILED {"userId":"guest","action":"GET_FILE_FAILED","fileId":"687a4a03a3770c56c8118899"}
2025-08-02T16:44:09.892Z [INFO]: User 6872b3e298b5a641b45e8e75 performed LIST_FILES_AUTHENTICATED {"userId":"6872b3e298b5a641b45e8e75","action":"LIST_FILES_AUTHENTICATED","parentId":null,"fileCount":4}
2025-08-02T16:44:18.383Z [ERROR]: Error during GET_FILE_ERROR by user undefined {"action":"GET_FILE_ERROR","error":"mongoose is not defined","stack":"ReferenceError: mongoose is not defined\n    at get (C:\\Users\\USER PC\\Documents\\Vault\\fileVault\\api\\controllers\\file_controller.js:148:5)\n    at Layer.handleRequest (C:\\Users\\USER PC\\Documents\\Vault\\fileVault\\node_modules\\router\\lib\\layer.js:152:17)\n    at next (C:\\Users\\USER PC\\Documents\\Vault\\fileVault\\node_modules\\router\\lib\\route.js:157:13)\n    at Route.dispatch (C:\\Users\\USER PC\\Documents\\Vault\\fileVault\\node_modules\\router\\lib\\route.js:117:3)\n    at handle (C:\\Users\\USER PC\\Documents\\Vault\\fileVault\\node_modules\\router\\index.js:435:11)\n    at Layer.handleRequest (C:\\Users\\USER PC\\Documents\\Vault\\fileVault\\node_modules\\router\\lib\\layer.js:152:17)\n    at C:\\Users\\USER PC\\Documents\\Vault\\fileVault\\node_modules\\router\\index.js:295:15\n    at param (C:\\Users\\USER PC\\Documents\\Vault\\fileVault\\node_modules\\router\\index.js:600:14)\n    at param (C:\\Users\\USER PC\\Documents\\Vault\\fileVault\\node_modules\\router\\index.js:610:14)\n    at processParams (C:\\Users\\USER PC\\Documents\\Vault\\fileVault\\node_modules\\router\\index.js:664:3)"}
2025-08-02T16:51:33.240Z [INFO]: User 6872b3e298b5a641b45e8e75 performed LIST_FILES_AUTHENTICATED {"userId":"6872b3e298b5a641b45e8e75","action":"LIST_FILES_AUTHENTICATED","parentId":null,"fileCount":4}
2025-08-02T16:52:01.734Z [INFO]: User 6872b3e298b5a641b45e8e75 performed PRIVATE_FILE {"userId":"6872b3e298b5a641b45e8e75","action":"PRIVATE_FILE","fileId":"687bcad733790855e882c454","filename":"back.jpg","visibility":"private"}
2025-08-02T16:52:11.770Z [INFO]: User 6872b3e298b5a641b45e8e75 performed PUBLIC_FILE {"userId":"6872b3e298b5a641b45e8e75","action":"PUBLIC_FILE","fileId":"687bcad733790855e882c454","filename":"back.jpg","visibility":"public"}
2025-08-02T16:52:17.985Z [INFO]: User anonymous performed GET_FILE_SUCCESS {"userId":"guest","action":"GET_FILE_SUCCESS","fileId":"687bcad733790855e882c454","fileName":"back.jpg","visibility":"public"}
2025-08-02T16:52:25.083Z [INFO]: User 6872b3e298b5a641b45e8e75 performed LIST_FILES_AUTHENTICATED {"userId":"6872b3e298b5a641b45e8e75","action":"LIST_FILES_AUTHENTICATED","parentId":null,"fileCount":4}
2025-08-02T16:52:52.333Z [INFO]: User 6872b3e298b5a641b45e8e75 performed LIST_FILES_AUTHENTICATED {"userId":"6872b3e298b5a641b45e8e75","action":"LIST_FILES_AUTHENTICATED","parentId":null,"fileCount":4}
2025-08-02T16:53:04.624Z [INFO]: User anonymous performed GET_FILE_FAILED {"userId":"guest","action":"GET_FILE_FAILED","fileId":"687a3fdfe4f4f93aa963eaeb"}
2025-08-02T16:53:46.590Z [INFO]: User 6872b3e298b5a641b45e8e75 performed LIST_FILES_AUTHENTICATED {"userId":"6872b3e298b5a641b45e8e75","action":"LIST_FILES_AUTHENTICATED","parentId":null,"fileCount":4}
2025-08-02T16:54:18.849Z [INFO]: User anonymous performed GET_FILE_FAILED {"userId":"guest","action":"GET_FILE_FAILED","fileId":"687a41e5048aa71b3b48edd4"}
2025-08-02T16:55:15.479Z [INFO]: User 6872b3e298b5a641b45e8e75 performed LIST_FILES_AUTHENTICATED {"userId":"6872b3e298b5a641b45e8e75","action":"LIST_FILES_AUTHENTICATED","parentId":null,"fileCount":4}
2025-08-02T17:00:54.054Z [INFO]: User 6872b3e298b5a641b45e8e75 performed LIST_FILES_AUTHENTICATED {"userId":"6872b3e298b5a641b45e8e75","action":"LIST_FILES_AUTHENTICATED","parentId":null,"filters":{"type":"folder","user_id":"6872b3e298b5a641b45e8e75"},"fileCount":2,"total":2}
2025-08-02T17:01:07.116Z [INFO]: User 6872b3e298b5a641b45e8e75 performed LIST_FILES_AUTHENTICATED {"userId":"6872b3e298b5a641b45e8e75","action":"LIST_FILES_AUTHENTICATED","parentId":null,"filters":{"type":"file","user_id":"6872b3e298b5a641b45e8e75"},"fileCount":1,"total":1}
2025-08-02T17:01:18.991Z [INFO]: User 6872b3e298b5a641b45e8e75 performed LIST_FILES_AUTHENTICATED {"userId":"6872b3e298b5a641b45e8e75","action":"LIST_FILES_AUTHENTICATED","parentId":null,"filters":{"type":"image","user_id":"6872b3e298b5a641b45e8e75"},"fileCount":1,"total":1}
2025-08-02T17:01:47.255Z [INFO]: User 6872b3e298b5a641b45e8e75 performed LIST_FILES_AUTHENTICATED {"userId":"6872b3e298b5a641b45e8e75","action":"LIST_FILES_AUTHENTICATED","parentId":null,"filters":{"user_id":"6872b3e298b5a641b45e8e75"},"fileCount":4,"total":4}
2025-08-02T17:02:18.587Z [INFO]: User 6872b3e298b5a641b45e8e75 performed LIST_FILES_AUTHENTICATED {"userId":"6872b3e298b5a641b45e8e75","action":"LIST_FILES_AUTHENTICATED","parentId":null,"filters":{"visibility":"public","user_id":"6872b3e298b5a641b45e8e75"},"fileCount":1,"total":1}
2025-08-02T17:02:30.363Z [INFO]: User 6872b3e298b5a641b45e8e75 performed LIST_FILES_AUTHENTICATED {"userId":"6872b3e298b5a641b45e8e75","action":"LIST_FILES_AUTHENTICATED","parentId":null,"filters":{"visibility":"private","user_id":"6872b3e298b5a641b45e8e75"},"fileCount":3,"total":3}
2025-08-02T17:29:30.363Z [INFO]: User 6872b3e298b5a641b45e8e75 performed LOGOUT {"userId":"6872b3e298b5a641b45e8e75","action":"LOGOUT"}
